[1210/011449.029:ERROR:scoped_process_suspend.cc(31)] NtSuspendProcess: An attempt was made to access an exiting process. (0xc000010a)
[1210/011449.067:ERROR:process_reader_win.cc(123)] NtOpenThread: {Access Denied} A process has requested access to an object, but has not been granted those access rights. (0xc0000022)
[1210/011449.073:ERROR:exception_snapshot_win.cc(99)] thread ID 8352 not found in process
[1210/011449.072:ERROR:process_info.cc(118)] ReadProcessMemory bool __cdecl crashpad::(anonymous namespace)::ReadStruct(HANDLE, crashpad::WinVMAddress, T *) [T = crashpad::process_types::PEB<crashpad::process_types::internal::Traits64>]: Only part of a ReadProcessMemory or WriteProcessMemory request was completed. (0x12B)
[1210/011449.075:ERROR:process_info.cc(551)] ReadProcessData failed
[1210/011449.072:ERROR:process_info.cc(118)] ReadProcessMemory bool __cdecl crashpad::(anonymous namespace)::ReadStruct(HANDLE, crashpad::WinVMAddress, T *) [T = crashpad::process_types::PEB<crashpad::process_types::internal::Traits64>]: Only part of a ReadProcessMemory or WriteProcessMemory request was completed. (0x12B)
[1210/011449.076:ERROR:process_info.cc(551)] ReadProcessData failed
[1210/015041.115:ERROR:process_reader_win.cc(123)] NtOpenThread: {Access Denied} A process has requested access to an object, but has not been granted those access rights. (0xc0000022)
[1210/015041.146:ERROR:exception_snapshot_win.cc(99)] thread ID 4400 not found in process
[1210/015041.146:ERROR:scoped_process_suspend.cc(40)] NtResumeProcess: An attempt was made to access an exiting process. (0xc000010a)
[1210/015041.114:ERROR:process_reader_win.cc(123)] NtOpenThread: {Access Denied} A process has requested access to an object, but has not been granted those access rights. (0xc0000022)
[1210/015041.156:ERROR:exception_snapshot_win.cc(99)] thread ID 3220 not found in process
[1210/015041.156:ERROR:scoped_process_suspend.cc(40)] NtResumeProcess: An attempt was made to access an exiting process. (0xc000010a)
[1210/015041.270:ERROR:process_reader_win.cc(123)] NtOpenThread: {Access Denied} A process has requested access to an object, but has not been granted those access rights. (0xc0000022)
[1210/015041.270:ERROR:exception_snapshot_win.cc(99)] thread ID 11648 not found in process
[1210/020003.002:ERROR:process_reader_win.cc(123)] NtOpenThread: {Access Denied} A process has requested access to an object, but has not been granted those access rights. (0xc0000022)
[1210/020003.005:ERROR:exception_snapshot_win.cc(99)] thread ID 8940 not found in process
[1210/020003.010:ERROR:process_reader_win.cc(123)] NtOpenThread: {Access Denied} A process has requested access to an object, but has not been granted those access rights. (0xc0000022)
[1210/020003.010:ERROR:exception_snapshot_win.cc(99)] thread ID 10104 not found in process
[1210/020003.015:ERROR:process_reader_win.cc(123)] NtOpenThread: {Access Denied} A process has requested access to an object, but has not been granted those access rights. (0xc0000022)
[1210/020003.015:ERROR:exception_snapshot_win.cc(99)] thread ID 8288 not found in process
[1210/020003.034:ERROR:process_reader_win.cc(123)] NtOpenThread: {Access Denied} A process has requested access to an object, but has not been granted those access rights. (0xc0000022)
[1210/020003.035:ERROR:exception_snapshot_win.cc(99)] thread ID 10868 not found in process
[1210/020359.180:ERROR:process_reader_win.cc(151)] SuspendThread: Access is denied. (0x5)
[1210/020359.182:ERROR:process_reader_win.cc(151)] SuspendThread: Access is denied. (0x5)
[1210/020359.183:ERROR:process_reader_win.cc(123)] NtOpenThread: {Access Denied} A process has requested access to an object, but has not been granted those access rights. (0xc0000022)
[1210/020359.183:ERROR:exception_snapshot_win.cc(99)] thread ID 12312 not found in process
[1210/020359.185:ERROR:process_reader_win.cc(151)] SuspendThread: Access is denied. (0x5)
[1210/020359.201:ERROR:process_reader_win.cc(151)] SuspendThread: Access is denied. (0x5)
[1210/020359.201:ERROR:process_reader_win.cc(151)] SuspendThread: Access is denied. (0x5)
[1210/020359.203:ERROR:process_reader_win.cc(151)] SuspendThread: Access is denied. (0x5)
[1210/020359.204:ERROR:process_reader_win.cc(151)] SuspendThread: Access is denied. (0x5)
[1210/020359.204:ERROR:process_reader_win.cc(151)] SuspendThread: Access is denied. (0x5)
[1210/020359.210:ERROR:process_reader_win.cc(151)] SuspendThread: Access is denied. (0x5)
[1210/020359.211:ERROR:process_reader_win.cc(151)] SuspendThread: Access is denied. (0x5)
[1210/020359.213:ERROR:process_reader_win.cc(151)] SuspendThread: Access is denied. (0x5)
[1210/020359.219:ERROR:process_reader_win.cc(151)] SuspendThread: Access is denied. (0x5)
[1210/020359.220:ERROR:process_reader_win.cc(151)] SuspendThread: Access is denied. (0x5)
[1210/020359.220:ERROR:process_reader_win.cc(123)] NtOpenThread: {Access Denied} A process has requested access to an object, but has not been granted those access rights. (0xc0000022)
[1210/020359.220:ERROR:exception_snapshot_win.cc(99)] thread ID 13176 not found in process
[1210/020359.240:ERROR:process_reader_win.cc(123)] NtOpenThread: {Access Denied} A process has requested access to an object, but has not been granted those access rights. (0xc0000022)
[1210/020359.240:ERROR:exception_snapshot_win.cc(99)] thread ID 3544 not found in process
[1210/022410.251:ERROR:process_reader_win.cc(123)] NtOpenThread: {Access Denied} A process has requested access to an object, but has not been granted those access rights. (0xc0000022)
[1210/022410.262:ERROR:exception_snapshot_win.cc(99)] thread ID 13264 not found in process
[1210/022410.262:ERROR:process_reader_win.cc(123)] NtOpenThread: {Access Denied} A process has requested access to an object, but has not been granted those access rights. (0xc0000022)
[1210/022410.262:ERROR:exception_snapshot_win.cc(99)] thread ID 6884 not found in process
[1210/022410.279:ERROR:process_reader_win.cc(151)] SuspendThread: Access is denied. (0x5)
[1210/022410.283:ERROR:process_reader_win.cc(123)] NtOpenThread: {Access Denied} A process has requested access to an object, but has not been granted those access rights. (0xc0000022)
[1210/022410.283:ERROR:exception_snapshot_win.cc(99)] thread ID 4288 not found in process
[1210/022410.316:ERROR:process_reader_win.cc(123)] NtOpenThread: {Access Denied} A process has requested access to an object, but has not been granted those access rights. (0xc0000022)
[1210/022410.317:ERROR:exception_snapshot_win.cc(99)] thread ID 10140 not found in process
[1210/022459.063:ERROR:process_reader_win.cc(123)] NtOpenThread: {Access Denied} A process has requested access to an object, but has not been granted those access rights. (0xc0000022)
[1210/022459.083:ERROR:exception_snapshot_win.cc(99)] thread ID 6440 not found in process
[1210/022459.071:ERROR:process_reader_win.cc(123)] NtOpenThread: {Access Denied} A process has requested access to an object, but has not been granted those access rights. (0xc0000022)
[1210/022459.089:ERROR:exception_snapshot_win.cc(99)] thread ID 4548 not found in process
[1210/022459.092:ERROR:process_reader_win.cc(123)] NtOpenThread: {Access Denied} A process has requested access to an object, but has not been granted those access rights. (0xc0000022)
[1210/022459.092:ERROR:exception_snapshot_win.cc(99)] thread ID 11692 not found in process
[1210/022459.127:ERROR:process_reader_win.cc(123)] NtOpenThread: {Access Denied} A process has requested access to an object, but has not been granted those access rights. (0xc0000022)
[1210/022459.128:ERROR:exception_snapshot_win.cc(99)] thread ID 6376 not found in process
